0 info it worked if it ends with ok
1 verbose cli [ 'C:\\Program Files\\nodejs\\node.exe',
1 verbose cli   'C:\\Program Files\\nodejs\\node_modules\\npm\\bin\\npm-cli.js',
1 verbose cli   'run',
1 verbose cli   'lint' ]
2 info using npm@3.9.5
3 info using node@v6.2.2
4 verbose run-script [ 'prelint', 'lint', 'postlint' ]
5 info lifecycle gmusic-ui.js@2.2.0~prelint: gmusic-ui.js@2.2.0
6 silly lifecycle gmusic-ui.js@2.2.0~prelint: no script for prelint, continuing
7 info lifecycle gmusic-ui.js@2.2.0~lint: gmusic-ui.js@2.2.0
8 verbose lifecycle gmusic-ui.js@2.2.0~lint: unsafe-perm in lifecycle true
9 verbose lifecycle gmusic-ui.js@2.2.0~lint: PATH: C:\Program Files\nodejs\node_modules\npm\bin\node-gyp-bin;C:\Users\brpet\src\gmusic-ui.js\node_modules\.bin;C:\Program Files\nodejs;C:\ProgramData\Oracle\Java\javapath;C:\Windows\system32;C:\Windows;C:\Windows\System32\Wbem;C:\Windows\System32\WindowsPowerShell\v1.0\;C:\Program Files (x86)\NVIDIA Corporation\PhysX\Common;C:\Program Files\Microsoft SQL Server\110\Tools\Binn\;C:\Program Files\Microsoft SQL Server\120\Tools\Binn\;C:\Program Files (x86)\GTK2-Runtime\bin;C:\Program Files\Emscripten\clang\e1.29.0_64bit;C:\Program Files\Emscripten\node\0.10.17_64bit;C:\Program Files\Emscripten\python\2.7.5.3_64bit;C:\Program Files\Emscripten\java\7.45_64bit\bin;C:\Program Files\Emscripten;C:\Program Files\Emscripten\emscripten\1.29.0;C:\Program Files\Emscripten\crunch\1.03;C:\Program Files\Emscripten\mingw\4.6.2_32bit;C:\Program Files (x86)\QuickTime\QTSystem\;C:\WINDOWS\system32;C:\WINDOWS;C:\WINDOWS\System32\Wbem;C:\WINDOWS\System32\WindowsPowerShell\v1.0\;C:\WINDOWS\system32\config\systemprofile\.dnx\bin;C:\Program Files\Microsoft DNX\Dnvm\;C:\Program Files (x86)\Windows Kits\8.1\Windows Performance Toolkit\;C:\Program Files\TortoiseGit\bin;C:\Program Files\CMake\bin;C:\Program Files (x86)\Skype\Phone\;C:\Program Files (x86)\MiKTeX 2.9\miktex\bin\;C:\Program Files\nodejs\;C:\Ruby22-x64\bin;C:\Users\brpet\AppData\Local\atom\bin;C:\Users\brpet\AppData\Local\Microsoft\WindowsApps;C:\Program Files (x86)\Git\bin;C:\Users\brpet\AppData\Roaming\npm
10 verbose lifecycle gmusic-ui.js@2.2.0~lint: CWD: C:\Users\brpet\src\gmusic-ui.js
11 silly lifecycle gmusic-ui.js@2.2.0~lint: Args: [ '/d /s /c', 'eslint src' ]
12 silly lifecycle gmusic-ui.js@2.2.0~lint: Returned: code: 1  signal: null
13 info lifecycle gmusic-ui.js@2.2.0~lint: Failed to exec lint script
14 verbose stack Error: gmusic-ui.js@2.2.0 lint: `eslint src`
14 verbose stack Exit status 1
14 verbose stack     at EventEmitter.<anonymous> (C:\Program Files\nodejs\node_modules\npm\lib\utils\lifecycle.js:245:16)
14 verbose stack     at emitTwo (events.js:106:13)
14 verbose stack     at EventEmitter.emit (events.js:191:7)
14 verbose stack     at ChildProcess.<anonymous> (C:\Program Files\nodejs\node_modules\npm\lib\utils\spawn.js:24:14)
14 verbose stack     at emitTwo (events.js:106:13)
14 verbose stack     at ChildProcess.emit (events.js:191:7)
14 verbose stack     at maybeClose (internal/child_process.js:852:16)
14 verbose stack     at Process.ChildProcess._handle.onexit (internal/child_process.js:215:5)
15 verbose pkgid gmusic-ui.js@2.2.0
16 verbose cwd C:\Users\brpet\src\gmusic-ui.js
17 error Windows_NT 10.0.14393
18 error argv "C:\\Program Files\\nodejs\\node.exe" "C:\\Program Files\\nodejs\\node_modules\\npm\\bin\\npm-cli.js" "run" "lint"
19 error node v6.2.2
20 error npm  v3.9.5
21 error code ELIFECYCLE
22 error gmusic-ui.js@2.2.0 lint: `eslint src`
22 error Exit status 1
23 error Failed at the gmusic-ui.js@2.2.0 lint script 'eslint src'.
23 error Make sure you have the latest version of node.js and npm installed.
23 error If you do, this is most likely a problem with the gmusic-ui.js package,
23 error not with npm itself.
23 error Tell the author that this fails on your system:
23 error     eslint src
23 error You can get information on how to open an issue for this project with:
23 error     npm bugs gmusic-ui.js
23 error Or if that isn't available, you can get their info via:
23 error     npm owner ls gmusic-ui.js
23 error There is likely additional logging output above.
24 verbose exit [ 1, true ]
